2025-11-08 19:13:10,082 - INFO - Organizing files from 'data'...
2025-11-08 19:13:10,083 - INFO - test_doc.pdf moved to Documents
2025-11-08 19:13:10,084 - INFO - test_image.jpg moved to Images
2025-11-08 19:13:10,085 - INFO - test_unknown.xyz moved to Others
2025-11-08 19:13:10,086 - INFO - test_video.mp4 moved to Videos
2025-11-08 19:13:10,086 - INFO - File organization complete!
2025-11-08 19:27:04,714 - INFO - Organizing files from 'data'...
2025-11-08 19:27:04,717 - INFO - test_doc.pdf moved to Documents
2025-11-08 19:27:04,718 - INFO - test_image.jpg moved to Images
2025-11-08 19:27:04,721 - INFO - test_unknown.xyz moved to Others
2025-11-08 19:27:04,723 - INFO - test_video.mp4 moved to Videos
2025-11-08 19:27:04,724 - INFO - File organization complete!
2025-11-08 19:29:37,938 - INFO - Organizing files from 'data'...
2025-11-08 19:29:37,940 - INFO - test_doc.pdf moved to Documents
2025-11-08 19:29:37,941 - INFO - test_image.jpg moved to Images
2025-11-08 19:29:37,941 - INFO - test_unknown.xyz moved to Others
2025-11-08 19:29:37,942 - INFO - test_video.mp4 moved to Videos
2025-11-08 19:29:37,942 - INFO - File organization complete!
2025-11-08 19:41:15,656 - INFO - Organizing files from 'data'...
2025-11-08 19:41:15,661 - INFO - test_doc.pdf moved to Documents
2025-11-08 19:41:15,664 - INFO - test_image.jpg moved to Images
2025-11-08 19:41:15,665 - INFO - test_unknown.xyz moved to Others
2025-11-08 19:41:15,670 - INFO - test_video.mp4 moved to Videos
2025-11-08 19:41:15,670 - INFO - File organization complete!
2025-11-08 19:42:36,633 - INFO - Organizing files from 'data'...
2025-11-08 19:42:36,635 - INFO - test_doc.pdf moved to Documents
2025-11-08 19:42:36,636 - INFO - test_image.jpg moved to Images
2025-11-08 19:42:36,636 - INFO - test_unknown.xyz moved to Others
2025-11-08 19:42:36,637 - INFO - test_video.mp4 moved to Videos
2025-11-08 19:42:36,637 - INFO - File organization complete!
2025-11-08 19:42:55,262 - INFO - Organizing files from 'data'...
2025-11-08 19:42:55,264 - INFO - test_doc.pdf moved to Documents
2025-11-08 19:42:55,265 - INFO - test_image.jpg moved to Images
2025-11-08 19:42:55,265 - INFO - test_unknown.xyz moved to Others
2025-11-08 19:42:55,266 - INFO - test_video.mp4 moved to Videos
2025-11-08 19:42:55,266 - INFO - File organization complete!
2025-11-08 19:43:34,307 - INFO - Organizing files from 'data'...
2025-11-08 19:43:34,309 - INFO - test_doc.pdf moved to Documents
2025-11-08 19:43:34,310 - INFO - test_image.jpg moved to Images
2025-11-08 19:43:34,311 - INFO - test_unknown.xyz moved to Others
2025-11-08 19:43:34,312 - INFO - test_video.mp4 moved to Videos
2025-11-08 19:43:34,313 - INFO - File organization complete!
2025-11-08 19:44:44,915 - INFO - Organizing files from 'data'...
2025-11-08 19:44:44,916 - INFO - test_doc.pdf moved to Documents
2025-11-08 19:44:44,917 - INFO - test_image.jpg moved to Images
2025-11-08 19:44:44,917 - INFO - test_unknown.xyz moved to Others
2025-11-08 19:44:44,918 - INFO - test_video.mp4 moved to Videos
2025-11-08 19:44:44,918 - INFO - File organization complete!
2025-11-08 21:49:13,032 - INFO - Organizing files from 'data'...
2025-11-08 21:49:13,040 - INFO - test_doc.pdf moved to Documents
2025-11-08 21:49:13,042 - INFO - test_image.jpg moved to Images
2025-11-08 21:49:13,044 - INFO - test_unknown.xyz moved to Others
2025-11-08 21:49:13,046 - INFO - test_video.mp4 moved to Videos
2025-11-08 21:49:13,047 - INFO - File organization complete!
2025-11-08 21:50:52,452 - INFO - Organizing files from 'data'...
2025-11-08 21:50:52,459 - INFO - test_doc.pdf moved to Documents
2025-11-08 21:50:52,464 - INFO - test_image.jpg moved to Images
2025-11-08 21:50:52,470 - INFO - test_unknown.xyz moved to Others
2025-11-08 21:50:52,476 - INFO - test_video.mp4 moved to Videos
2025-11-08 21:50:52,477 - INFO - File organization complete!
2025-11-08 21:51:39,651 - INFO - Organizing files from 'data'...
2025-11-08 21:51:39,655 - INFO - test_doc.pdf moved to Documents
2025-11-08 21:51:39,657 - INFO - test_image.jpg moved to Images
2025-11-08 21:51:39,659 - INFO - test_unknown.xyz moved to Others
2025-11-08 21:51:39,661 - INFO - test_video.mp4 moved to Videos
2025-11-08 21:51:39,662 - INFO - File organization complete!
